<?xml version="1.0" encoding="UTF-8"?>
<testng-results ignored="0" total="1" passed="1" failed="0" skipped="0">
  <reporter-output>
  </reporter-output>
  <suite started-at="2023-09-27T16:39:05 CEST" name="ua.hillel.qaauto.CalculatorTest" finished-at="2023-09-27T16:39:05 CEST" duration-ms="21">
    <groups>
    </groups>
    <test started-at="2023-09-27T16:39:05 CEST" name="Command line test" finished-at="2023-09-27T16:39:05 CEST" duration-ms="21">
      <class name="ua.hillel.qaauto.CalculatorTest">
        <test-method signature="calculateDouble()[pri:0, instance:ua.hillel.qaauto.CalculatorTest@28ac3dc3]" started-at="2023-09-27T16:39:05 CEST" name="calculateDouble" finished-at="2023-09-27T16:39:05 CEST" duration-ms="3" status="PASS">
          <reporter-output>
          </reporter-output>
        </test-method> <!-- calculateDouble -->
      </class> <!-- ua.hillel.qaauto.CalculatorTest -->
    </test> <!-- Command line test -->
  </suite> <!-- ua.hillel.qaauto.CalculatorTest -->
</testng-results>
